  fix_keyword.cpp
C:\Users\User\source\repos\Project1\Project1\fix_keyword.cpp(32,48): warning C4267: '=': 'size_t'에서 '_Ty'(으)로 변환하면서 데이터가 손실될 수 있습니다.
C:\Users\User\source\repos\Project1\Project1\fix_keyword.cpp(32,48): warning C4267:         with
C:\Users\User\source\repos\Project1\Project1\fix_keyword.cpp(32,48): warning C4267:         [
C:\Users\User\source\repos\Project1\Project1\fix_keyword.cpp(32,48): warning C4267:             _Ty=int
C:\Users\User\source\repos\Project1\Project1\fix_keyword.cpp(32,48): warning C4267:         ]
C:\Users\User\source\repos\Project1\Project1\fix_keyword.cpp(33,48): warning C4267: '=': 'size_t'에서 '_Ty'(으)로 변환하면서 데이터가 손실될 수 있습니다.
C:\Users\User\source\repos\Project1\Project1\fix_keyword.cpp(33,48): warning C4267:         with
C:\Users\User\source\repos\Project1\Project1\fix_keyword.cpp(33,48): warning C4267:         [
C:\Users\User\source\repos\Project1\Project1\fix_keyword.cpp(33,48): warning C4267:             _Ty=int
C:\Users\User\source\repos\Project1\Project1\fix_keyword.cpp(33,48): warning C4267:         ]
C:\Users\User\source\repos\Project1\Project1\fix_keyword.cpp(53,14): warning C4267: '초기화 중': 'size_t'에서 'int'(으)로 변환하면서 데이터가 손실될 수 있습니다.
C:\Users\User\source\repos\Project1\Project1\fix_keyword.cpp(121,30): warning C4244: '+=': 'double'에서 'int'(으)로 변환하면서 데이터가 손실될 수 있습니다.
C:\Users\User\source\repos\Project1\Project1\fix_keyword.cpp(135,30): warning C4244: '+=': 'double'에서 'int'(으)로 변환하면서 데이터가 손실될 수 있습니다.
  코드를 생성하고 있습니다.
  138 of 2043 functions ( 6.8%) were compiled, the rest were copied from previous compilation.
    79 functions were new in current compilation
    1 functions had inline decision re-evaluated but remain unchanged
  코드를 생성했습니다.
  Project1.vcxproj -> C:\Users\User\source\repos\Project1\x64\Release\SSD.exe
