c:\users\user\source\repos\project1\project1\x64\debug\vc143.pdb
c:\users\user\source\repos\project1\project1\x64\debug\vc143.idb
c:\users\user\source\repos\project1\project1\x64\debug\gmock-all.obj
c:\users\user\source\repos\project1\project1\x64\debug\gtest-all.obj
c:\users\user\source\repos\project1\project1\x64\debug\main.obj
c:\users\user\source\repos\project1\project1\x64\debug\fix_keyword.obj
c:\users\user\source\repos\project1\project1\x64\debug\ut.obj
c:\users\user\source\repos\project1\project1\x64\debug\project1.ilk
c:\users\user\source\repos\project1\x64\debug\project1.pdb
c:\users\user\source\repos\project1\project1\x64\debug\project1.tlog\cl.command.1.tlog
c:\users\user\source\repos\project1\project1\x64\debug\project1.tlog\cl.items.tlog
c:\users\user\source\repos\project1\project1\x64\debug\project1.tlog\cl.read.1.tlog
c:\users\user\source\repos\project1\project1\x64\debug\project1.tlog\cl.write.1.tlog
c:\users\user\source\repos\project1\project1\x64\debug\project1.tlog\link-cvtres.read.1.tlog
c:\users\user\source\repos\project1\project1\x64\debug\project1.tlog\link-cvtres.write.1.tlog
c:\users\user\source\repos\project1\project1\x64\debug\project1.tlog\link-rc.read.1.tlog
c:\users\user\source\repos\project1\project1\x64\debug\project1.tlog\link-rc.write.1.tlog
c:\users\user\source\repos\project1\project1\x64\debug\project1.tlog\link.5564-cvtres.read.1.tlog
c:\users\user\source\repos\project1\project1\x64\debug\project1.tlog\link.5564-cvtres.write.1.tlog
c:\users\user\source\repos\project1\project1\x64\debug\project1.tlog\link.5564-rc.read.1.tlog
c:\users\user\source\repos\project1\project1\x64\debug\project1.tlog\link.5564-rc.write.1.tlog
c:\users\user\source\repos\project1\project1\x64\debug\project1.tlog\link.5564.read.1.tlog
c:\users\user\source\repos\project1\project1\x64\debug\project1.tlog\link.5564.read.2.tlog
c:\users\user\source\repos\project1\project1\x64\debug\project1.tlog\link.5564.write.1.tlog
c:\users\user\source\repos\project1\project1\x64\debug\project1.tlog\link.command.1.tlog
c:\users\user\source\repos\project1\project1\x64\debug\project1.tlog\link.read.1.tlog
c:\users\user\source\repos\project1\project1\x64\debug\project1.tlog\link.read.2.tlog
c:\users\user\source\repos\project1\project1\x64\debug\project1.tlog\link.secondary.1.tlog
c:\users\user\source\repos\project1\project1\x64\debug\project1.tlog\link.write.1.tlog
