C:\Program Files\Microsoft Visual Studio\2022\Community\MSBuild\Microsoft\VC\v170\Microsoft.CppBuild.targets(538,5): warning MSB8028: 중간 디렉터리(x64\Debug\)에 다른 프로젝트(Project1.vcxproj)에서 공유하는 파일이 포함되어 있습니다.  이로 인해 잘못된 정리 및 다시 빌드 동작이 수행될 수 있습니다.
  UT.cpp
  fix_keyword.cpp
C:\Users\User\source\repos\Project1\Project1\fix_keyword.cpp(36,48): warning C4267: '=': 'size_t'에서 '_Ty'(으)로 변환하면서 데이터가 손실될 수 있습니다.
C:\Users\User\source\repos\Project1\Project1\fix_keyword.cpp(36,48): warning C4267:         with
C:\Users\User\source\repos\Project1\Project1\fix_keyword.cpp(36,48): warning C4267:         [
C:\Users\User\source\repos\Project1\Project1\fix_keyword.cpp(36,48): warning C4267:             _Ty=int
C:\Users\User\source\repos\Project1\Project1\fix_keyword.cpp(36,48): warning C4267:         ]
C:\Users\User\source\repos\Project1\Project1\fix_keyword.cpp(37,48): warning C4267: '=': 'size_t'에서 '_Ty'(으)로 변환하면서 데이터가 손실될 수 있습니다.
C:\Users\User\source\repos\Project1\Project1\fix_keyword.cpp(37,48): warning C4267:         with
C:\Users\User\source\repos\Project1\Project1\fix_keyword.cpp(37,48): warning C4267:         [
C:\Users\User\source\repos\Project1\Project1\fix_keyword.cpp(37,48): warning C4267:             _Ty=int
C:\Users\User\source\repos\Project1\Project1\fix_keyword.cpp(37,48): warning C4267:         ]
C:\Users\User\source\repos\Project1\Project1\fix_keyword.cpp(57,14): warning C4267: '초기화 중': 'size_t'에서 'int'(으)로 변환하면서 데이터가 손실될 수 있습니다.
C:\Users\User\source\repos\Project1\Project1\fix_keyword.cpp(98,22): warning C4244: '=': 'double'에서 '__int64'(으)로 변환하면서 데이터가 손실될 수 있습니다.
C:\Users\User\source\repos\Project1\Project1\fix_keyword.cpp(99,30): warning C4244: '+=': 'double'에서 'int'(으)로 변환하면서 데이터가 손실될 수 있습니다.
C:\Users\User\source\repos\Project1\Project1\fix_keyword.cpp(107,22): warning C4244: '=': 'double'에서 '__int64'(으)로 변환하면서 데이터가 손실될 수 있습니다.
C:\Users\User\source\repos\Project1\Project1\fix_keyword.cpp(108,30): warning C4244: '+=': 'double'에서 'int'(으)로 변환하면서 데이터가 손실될 수 있습니다.
  코드를 생성하고 있습니다...
  Project1.vcxproj -> C:\Users\User\source\repos\Project1\x64\Debug\SSD.exe
